<?xml version="1.0" encoding="UTF-8"?>
<!-- Generated by org.testng.reporters.JUnitReportReporter -->
<testsuite hostname="Thiruvonam" failures="0" tests="1" name="testngSample.TableAssignment" time="10.914" errors="0" timestamp="2023-01-22T19:34:30 IST" skipped="0">
  <testcase classname="testngSample.TableAssignment" name="homeTabIsVisibleorNot" time="10.914"/>
  <system-out/>
</testsuite> <!-- testngSample.TableAssignment -->
