<?xml version="1.0" encoding="UTF-8"?>
<!-- Generated by org.testng.reporters.JUnitReportReporter -->
<testsuite hostname="Thiruvonam" failures="0" tests="2" name="testngSample.BasicAnnotation" time="0.074" errors="0" timestamp="2023-01-13T15:53:38 IST" skipped="0">
  <testcase classname="testngSample.BasicAnnotation" name="isLogoDisplayedOrNot" time="0.062"/>
  <system-out/>
  <testcase classname="testngSample.BasicAnnotation" name="verifyTheTitleOfPage" time="0.012"/>
  <system-out/>
</testsuite> <!-- testngSample.BasicAnnotation -->
