<?xml version="1.0" encoding="UTF-8"?>
<!-- Generated by org.testng.reporters.JUnitReportReporter -->
<testsuite hostname="Thiruvonam" failures="0" tests="1" name="executeClass.LoginPageTestClass" time="3.578" errors="0" timestamp="2023-02-10T13:52:51 IST" skipped="0">
  <testcase classname="executeClass.LoginPageTestClass" name="varifyRememberMeCheckBoxIsSelectByDefault" time="3.578"/>
  <system-out/>
</testsuite> <!-- executeClass.LoginPageTestClass -->
