<?xml version="1.0" encoding="UTF-8"?>
<!-- Generated by org.testng.reporters.JUnitReportReporter -->
<testsuite hostname="Thiruvonam" failures="0" tests="4" name="testngSample.TestClassForLogin" time="23.160" errors="0" timestamp="2023-02-09T12:18:45 IST" skipped="0">
  <testcase classname="testngSample.TestClassForLogin" name="varifySuccessfulLogin" time="8.856"/>
  <system-out/>
  <testcase classname="testngSample.TestClassForLogin" name="varifyUnsuccessfulLogin" time="6.757"/>
  <system-out/>
  <testcase classname="testngSample.TestClassForLogin" name="varifyUnsuccessfulLogin" time="3.818"/>
  <system-out/>
  <testcase classname="testngSample.TestClassForLogin" name="varifyUnsuccessfulLogin" time="3.729"/>
  <system-out/>
</testsuite> <!-- testngSample.TestClassForLogin -->
