<?xml version="1.0" encoding="UTF-8"?>
<!-- Generated by org.testng.reporters.JUnitReportReporter -->
<testsuite hostname="Thiruvonam" failures="0" tests="1" name="testngSample.AlertAssignment" time="21.213" errors="0" timestamp="2023-01-22T15:40:23 IST" skipped="0">
  <testcase classname="testngSample.AlertAssignment" name="ClickMeAlert" time="21.213"/>
  <system-out/>
</testsuite> <!-- testngSample.AlertAssignment -->
