<?xml version="1.0" encoding="UTF-8"?>
<!-- Generated by org.testng.reporters.JUnitReportReporter -->
<testsuite hostname="Thiruvonam" failures="0" tests="4" name="testngSample.DataProviderAssignmentTeatClass" time="25.474" errors="0" timestamp="2023-02-09T15:11:19 IST" skipped="0">
  <testcase classname="testngSample.DataProviderAssignmentTeatClass" name="varifyUnSuccessfulLogin" time="5.942"/>
  <system-out/>
  <testcase classname="testngSample.DataProviderAssignmentTeatClass" name="varifySuccessfulLogin" time="7.149"/>
  <system-out/>
  <testcase classname="testngSample.DataProviderAssignmentTeatClass" name="varifyUnSuccessfulLogin" time="5.963"/>
  <system-out/>
  <testcase classname="testngSample.DataProviderAssignmentTeatClass" name="varifyUnSuccessfulLogin" time="6.420"/>
  <system-out/>
</testsuite> <!-- testngSample.DataProviderAssignmentTeatClass -->
