<?xml version="1.0" encoding="UTF-8"?>
<!-- Generated by org.testng.reporters.JUnitReportReporter -->
<testsuite hostname="Thiruvonam" failures="0" tests="1" name="testngSample.AlertHandling" time="6.463" errors="0" timestamp="2023-01-20T11:34:18 IST" skipped="0">
  <testcase classname="testngSample.AlertHandling" name="alertDismiss" time="6.463"/>
  <system-out/>
</testsuite> <!-- testngSample.AlertHandling -->
