<?xml version="1.0" encoding="UTF-8"?>
<!-- Generated by org.testng.reporters.JUnitReportReporter -->
<testsuite hostname="Thiruvonam" failures="0" tests="2" name="testngSample.FileUploading" time="15.944" errors="0" timestamp="2023-01-23T11:53:48 IST" skipped="1">
  <testcase classname="testngSample.FileUploading" name="fileUploadUsingRobotClass" time="15.944"/>
  <system-out/>
  <testcase classname="testngSample.FileUploading" name="fileUploadUsingSendkeys">
    <skipped/>
  </testcase> <!-- fileUploadUsingSendkeys -->
  <system-out/>
</testsuite> <!-- testngSample.FileUploading -->
