<?xml version="1.0" encoding="UTF-8"?>
<!-- Generated by org.testng.reporters.JUnitReportReporter -->
<testsuite hostname="Thiruvonam" failures="0" tests="4" name="testngSample.ScrollAndWaitAssignment" time="32.104" errors="0" timestamp="2023-01-22T18:55:00 IST" skipped="0">
  <testcase classname="testngSample.ScrollAndWaitAssignment" name="varifyingDashboardPageisDisplayingAfterLogin" time="7.205"/>
  <system-out/>
  <testcase classname="testngSample.ScrollAndWaitAssignment" name="varifyingUnsuccessfullLogin" time="6.771"/>
  <system-out/>
  <testcase classname="testngSample.ScrollAndWaitAssignment" name="varifyingCreationOfNewClient" time="11.648"/>
  <system-out/>
  <testcase classname="testngSample.ScrollAndWaitAssignment" name="varifyingSuccessfullLogin" time="6.480"/>
  <system-out/>
</testsuite> <!-- testngSample.ScrollAndWaitAssignment -->
