<?xml version="1.0" encoding="UTF-8"?>
<!-- Generated by org.testng.reporters.JUnitReportReporter -->
<testsuite hostname="Thiruvonam" failures="0" tests="1" name="testngSample.TableXpath" time="8.801" errors="0" timestamp="2023-01-17T11:02:06 IST" skipped="0">
  <testcase classname="testngSample.TableXpath" name="displayingClientDetailsofTom" time="8.801"/>
  <system-out/>
</testsuite> <!-- testngSample.TableXpath -->
