<?xml version="1.0" encoding="UTF-8"?>
<!-- Generated by org.testng.reporters.JUnitReportReporter -->
<testsuite hostname="Thiruvonam" failures="0" tests="1" name="testngSample.MouseDragAndDrop" time="33.832" errors="0" timestamp="2023-01-31T19:40:01 IST" skipped="0">
  <testcase classname="testngSample.MouseDragAndDrop" name="f" time="33.832"/>
  <system-out/>
</testsuite> <!-- testngSample.MouseDragAndDrop -->
