<?xml version="1.0" encoding="UTF-8"?>
<!-- Generated by org.testng.reporters.JUnitReportReporter -->
<testsuite hostname="Thiruvonam" failures="0" tests="5" name="testngSample.DataProviderTestClass" time="0.029" errors="0" timestamp="2023-02-09T11:43:28 IST" skipped="0">
  <testcase classname="testngSample.DataProviderTestClass" name="multiplication" time="0.003"/>
  <system-out/>
  <testcase classname="testngSample.DataProviderTestClass" name="addition" time="0.006"/>
  <system-out/>
  <testcase classname="testngSample.DataProviderTestClass" name="subtraction" time="0.005"/>
  <system-out/>
  <testcase classname="testngSample.DataProviderTestClass" name="subtraction" time="0.005"/>
  <system-out/>
  <testcase classname="testngSample.DataProviderTestClass" name="addition" time="0.010"/>
  <system-out/>
</testsuite> <!-- testngSample.DataProviderTestClass -->
