<?xml version="1.0" encoding="UTF-8"?>
<!-- Generated by org.testng.reporters.JUnitReportReporter -->
<testsuite hostname="Thiruvonam" failures="0" tests="1" name="testngSample.MultipleWindowHandlingAssignment" time="17.215" errors="0" timestamp="2023-01-25T14:58:07 IST" skipped="0">
  <testcase classname="testngSample.MultipleWindowHandlingAssignment" name="varifyingPromptAlertIsAcceptedorNot" time="17.215"/>
  <system-out/>
</testsuite> <!-- testngSample.MultipleWindowHandlingAssignment -->
