<?xml version="1.0" encoding="UTF-8"?>
<!-- Generated by org.testng.reporters.JUnitReportReporter -->
<testsuite hostname="Thiruvonam" failures="0" tests="5" name="testngSample.DataProviderClass" time="0.021" errors="0" timestamp="2023-02-09T11:35:51 IST" skipped="0">
  <testcase classname="testngSample.DataProviderClass" name="subtract" time="0.003"/>
  <system-out/>
  <testcase classname="testngSample.DataProviderClass" name="addition" time="0.010"/>
  <system-out/>
  <testcase classname="testngSample.DataProviderClass" name="subtract" time="0.003"/>
  <system-out/>
  <testcase classname="testngSample.DataProviderClass" name="addition" time="0.003"/>
  <system-out/>
  <testcase classname="testngSample.DataProviderClass" name="multiplication" time="0.002"/>
  <system-out/>
</testsuite> <!-- testngSample.DataProviderClass -->
