<?xml version="1.0" encoding="UTF-8"?>
<!-- Generated by org.testng.reporters.JUnitReportReporter -->
<testsuite hostname="Thiruvonam" failures="0" tests="1" name="testngSample.IframeHandling" time="65.560" errors="0" timestamp="2023-01-26T11:25:23 IST" skipped="0">
  <testcase classname="testngSample.IframeHandling" name="varifyTheCorrectWebpageIsLoadingByClickinganIframe" time="65.560"/>
  <system-out/>
</testsuite> <!-- testngSample.IframeHandling -->
