<?xml version="1.0" encoding="UTF-8"?>
<!-- Generated by org.testng.reporters.JUnitReportReporter -->
<testsuite hostname="Thiruvonam" failures="0" tests="1" name="testngSample.MultipleWindowHandles" time="44.735" errors="0" timestamp="2023-01-25T11:29:15 IST" skipped="0">
  <testcase classname="testngSample.MultipleWindowHandles" name="multipleWindowHandling" time="44.735"/>
  <system-out/>
</testsuite> <!-- testngSample.MultipleWindowHandles -->
