<?xml version="1.0" encoding="UTF-8"?>
<!-- Generated by org.testng.reporters.JUnitReportReporter -->
<testsuite hostname="Thiruvonam" failures="0" tests="1" name="testngSample.TrialPgms" time="5.649" errors="0" timestamp="2023-01-14T13:14:16 IST" skipped="0">
  <testcase classname="testngSample.TrialPgms" name="vatifyTheEnterMessage" time="5.649"/>
  <system-out/>
</testsuite> <!-- testngSample.TrialPgms -->
