<?xml version="1.0" encoding="UTF-8"?>
<!-- Generated by org.testng.reporters.JUnitReportReporter -->
<testsuite hostname="Thiruvonam" failures="0" tests="1" name="testngSample.KeyboardAndMouseHandling" time="6.201" errors="0" timestamp="2023-01-31T19:18:19 IST" skipped="0">
  <testcase classname="testngSample.KeyboardAndMouseHandling" name="mousehandling" time="6.201"/>
  <system-out/>
</testsuite> <!-- testngSample.KeyboardAndMouseHandling -->
