<?xml version="1.0" encoding="UTF-8"?>
<!-- Generated by org.testng.reporters.JUnitReportReporter -->
<testsuite hostname="Thiruvonam" failures="0" tests="2" name="testngSample.AdvancedTableFeaturesAssignmenmt" time="35.397" errors="0" timestamp="2023-01-31T09:16:39 IST" skipped="0">
  <testcase classname="testngSample.AdvancedTableFeaturesAssignmenmt" name="varifyingAddedProductIsDisplayingOrNot" time="16.399"/>
  <system-out/>
  <testcase classname="testngSample.AdvancedTableFeaturesAssignmenmt" name="varifyingEditbutton" time="18.998"/>
  <system-out/>
</testsuite> <!-- testngSample.AdvancedTableFeaturesAssignmenmt -->
