<?xml version="1.0" encoding="UTF-8"?>
<!-- Generated by org.testng.reporters.JUnitReportReporter -->
<testsuite hostname="Thiruvonam" failures="0" tests="1" name="testngSample.WaitsInSelenium" time="51.981" errors="0" timestamp="2023-01-19T11:25:26 IST" skipped="0">
  <testcase classname="testngSample.WaitsInSelenium" name="varifySearchFunctionalityByUsingClientName" time="51.981"/>
  <system-out/>
</testsuite> <!-- testngSample.WaitsInSelenium -->
