<?xml version="1.0" encoding="UTF-8"?>
<!-- Generated by org.testng.reporters.JUnitReportReporter -->
<testsuite hostname="Thiruvonam" failures="0" tests="6" name="testngSample.AssertionAssignment" time="80.320" errors="0" timestamp="2023-01-16T11:02:08 IST" skipped="0">
  <testcase classname="testngSample.AssertionAssignment" name="varifyingRegisterLinkIsClickable" time="16.458"/>
  <system-out/>
  <testcase classname="testngSample.AssertionAssignment" name="varifyingSignInUsingInvalidDetails" time="10.774"/>
  <system-out/>
  <testcase classname="testngSample.AssertionAssignment" name="isLogoDisplayedorNot" time="9.158"/>
  <system-out/>
  <testcase classname="testngSample.AssertionAssignment" name="varifyingOneWayButtonIsSelectedByDefault" time="14.578"/>
  <system-out/>
  <testcase classname="testngSample.AssertionAssignment" name="varifyingSuccessfullSignOn" time="13.855"/>
  <system-out/>
  <testcase classname="testngSample.AssertionAssignment" name="varifyingTheUrl" time="15.497"/>
  <system-out/>
</testsuite> <!-- testngSample.AssertionAssignment -->
